<?xml version="1.0" encoding="UTF-8"?>
<testng-results ignored="0" total="2" passed="2" failed="0" skipped="0">
  <reporter-output>
  </reporter-output>
  <suite started-at="2022-02-15T15:48:56 IST" name="Suite" finished-at="2022-02-15T15:48:56 IST" duration-ms="57">
    <groups>
    </groups>
    <test started-at="2022-02-15T15:48:56 IST" name="Test" finished-at="2022-02-15T15:48:56 IST" duration-ms="57">
      <class name="Pranathi.maven1.seleniumTest">
        <test-method signature="A()[pri:0, instance:Pranathi.maven1.seleniumTest@3d5c822d]" started-at="2022-02-15T15:48:56 IST" name="A" finished-at="2022-02-15T15:48:56 IST" duration-ms="9" status="PASS">
          <reporter-output>
          </reporter-output>
        </test-method> <!-- A -->
        <test-method signature="B()[pri:0, instance:Pranathi.maven1.seleniumTest@3d5c822d]" started-at="2022-02-15T15:48:56 IST" name="B" finished-at="2022-02-15T15:48:56 IST" duration-ms="1" status="PASS">
          <reporter-output>
          </reporter-output>
        </test-method> <!-- B -->
      </class> <!-- Pranathi.maven1.seleniumTest -->
    </test> <!-- Test -->
  </suite> <!-- Suite -->
</testng-results>
