<?xml version="1.0" encoding="UTF-8"?>
<testng-results ignored="0" total="2" passed="2" failed="0" skipped="0">
  <reporter-output>
  </reporter-output>
  <suite started-at="2022-02-15T15:49:13 IST" name="Surefire suite" finished-at="2022-02-15T15:49:13 IST" duration-ms="41">
    <groups>
    </groups>
    <test started-at="2022-02-15T15:49:13 IST" name="Surefire test" finished-at="2022-02-15T15:49:13 IST" duration-ms="41">
      <class name="Pranathi.maven1.seleniumTest">
        <test-method signature="A()[pri:0, instance:Pranathi.maven1.seleniumTest@399c4be1]" started-at="2022-02-15T15:49:13 IST" name="A" finished-at="2022-02-15T15:49:13 IST" duration-ms="4" status="PASS">
          <reporter-output>
          </reporter-output>
        </test-method> <!-- A -->
        <test-method signature="B()[pri:0, instance:Pranathi.maven1.seleniumTest@399c4be1]" started-at="2022-02-15T15:49:13 IST" name="B" finished-at="2022-02-15T15:49:13 IST" duration-ms="1" status="PASS">
          <reporter-output>
          </reporter-output>
        </test-method> <!-- B -->
      </class> <!-- Pranathi.maven1.seleniumTest -->
    </test> <!-- Surefire test -->
  </suite> <!-- Surefire suite -->
</testng-results>
